Using pre-set license
Built from '2020.3/staging' branch; Version is '2020.3.13f1 (71691879b7f5) revision 7432472'; Using compiler version '192528614'; Build Type 'Release'
OS: 'Windows 10 Pro; OS build 19042.685; Version 2009; 64bit' Language: 'ru' Physical Memory: 4001 MB
BatchMode: 1, IsHumanControllingUs: 0, StartBugReporterOnCrash: 0, Is64bit: 1, IsPro: 0

 COMMAND LINE ARGUMENTS:
C:\Program Files\Unity\Hub\Editor\2020.3.13f1\Editor\Unity.exe
-adb2
-batchMode
-noUpm
-name
AssetImportWorker117
-projectPath
C:/Users/1/Desktop/Snakes_1millicircle
-logFile
Logs/AssetImportWorker117.log
-srvPort
62845
Successfully changed project path to: C:/Users/1/Desktop/Snakes_1millicircle
C:/Users/1/Desktop/Snakes_1millicircle
Using Asset Import Pipeline V2.
