Using pre-set license
Built from '2020.3/staging' branch; Version is '2020.3.13f1 (71691879b7f5) revision 7432472'; Using compiler version '192528614'; Build Type 'Release'
OS: 'Windows 10 Pro; OS build 19042.685; Version 2009; 64bit' Language: 'ru' Physical Memory: 4001 MB
BatchMode: 1, IsHumanControllingUs: 0, StartBugReporterOnCrash: 0, Is64bit: 1, IsPro: 0

 COMMAND LINE ARGUMENTS:
C:\Program Files\Unity\Hub\Editor\2020.3.13f1\Editor\Unity.exe
-adb2
-batchMode
-noUpm
-name
AssetImportWorker67
-projectPath
C:/Users/1/Desktop/Snakes_1millicircle
-logFile
Logs/AssetImportWorker67.log
-srvPort
49702
Successfully changed project path to: C:/Users/1/Desktop/Snakes_1millicircle
C:/Users/1/Desktop/Snakes_1millicircle
Using Asset Import Pipeline V2.
Refreshing native plugins compatible for Editor in 1934.82 ms, found 4 plugins.
Preloading 0 native plugins for Editor in 0.00 ms.
Initialize engine version: 2020.3.13f1 (71691879b7f5)
[Subsystems] Discovering subsystems at path C:/Program Files/Unity/Hub/Editor/2020.3.13f1/Editor/Data/Resources/UnitySubsystems
[Subsystems] Discovering subsystems at path C:/Users/1/Desktop/Snakes_1millicircle/Assets
GfxDevice: creating device client; threaded=0
Direct3D:
    Version:  Direct3D 11.0 [level 11.1]
    Renderer: Intel(R) HD Graphics (ID=0x22b1)
    Vendor:   
    VRAM:     2000 MB
    Driver:   20.19.15.4568
Initialize mono
Mono path[0] = 'C:/Program Files/Unity/Hub/Editor/2020.3.13f1/Editor/Data/Managed'
Mono path[1] = 'C:/Program Files/Unity/Hub/Editor/2020.3.13f1/Editor/Data/MonoBleedingEdge/lib/mono/unityjit'
Mono config path = 'C:/Program Files/Unity/Hub/Editor/2020.3.13f1/Editor/Data/MonoBleedingEdge/etc'
Using monoOptions --debugger-agent=transport=dt_socket,embedding=1,server=y,suspend=n,address=127.0.0.1:56636
Begin MonoManager ReloadAssembly
Registering precompiled unity dll's ...
Register platform support module: C:/Program Files/Unity/Hub/Editor/2020.3.13f1/Editor/Data/PlaybackEngines/WindowsStandaloneSupport/UnityEditor.WindowsStandalone.Extensions.dll
Registered in 0.007622 seconds.
Native extension for WindowsStandalone target not found
Refreshing native plugins compatible for Editor in 146.76 ms, found 4 plugins.
Preloading 0 native plugins for Editor in 0.00 ms.
Mono: successfully reloaded assembly
- Completed reload, in  8.568 seconds
Platform modules already initialized, skipping
Registering precompiled user dll's ...
Registered in 0.024689 seconds.
Begin MonoManager ReloadAssembly
Native extension for WindowsStandalone target not found
Refreshing native plugins compatible for Editor in 2.31 ms, found 4 plugins.
Preloading 0 native plugins for Editor in 0.00 ms.
[Steamworks.NET] Could not copy steam_api.dll into the project root. steam_api.dll could not be found in 'C:\Users\1\Desktop\Snakes_1millicircle\Assets/Plugins/Steamworks.NET/redist'. Place steam_api.dll from the Steamworks SDK in the project root manually.
UnityEngine.StackTraceUtility:ExtractStackTrace ()
UnityEngine.DebugLogHandler:LogFormat (UnityEngine.LogType,UnityEngine.Object,string,object[])
UnityEngine.Logger:Log (UnityEngine.LogType,object)
UnityEngine.Debug:LogWarning (object)
RedistInstall:CopyFile (string,bool) (at Assets/Editor/Steamworks.NET/RedistInstall.cs:23)
RedistInstall:.cctor () (at Assets/Editor/Steamworks.NET/RedistInstall.cs:13)
System.Runtime.CompilerServices.RuntimeHelpers:RunClassConstructor (System.RuntimeTypeHandle)
UnityEditor.EditorAssemblies:ProcessInitializeOnLoadAttributes (System.Type[])

(Filename: Assets/Editor/Steamworks.NET/RedistInstall.cs Line: 23)

Mono: successfully reloaded assembly
- Completed reload, in  6.461 seconds
Platform modules already initialized, skipping
========================================================================
Worker process is ready to serve import requests
Launched and connected shader compiler UnityShaderCompiler.exe after 1.19 seconds
Refreshing native plugins compatible for Editor in 2.08 ms, found 4 plugins.
Preloading 0 native plugins for Editor in 0.00 ms.
Unloading 1710 Unused Serialized files (Serialized files now loaded: 0)
System memory in use before: 76.4 MB.
System memory in use after: 76.5 MB.

Unloading 64 unused Assets to reduce memory usage. Loaded Objects now: 2127.
Total: 162.286800 ms (FindLiveObjects: 0.956200 ms CreateObjectMapping: 0.258000 ms MarkObjects: 20.818600 ms  DeleteObjects: 140.244500 ms)

AssetImportParameters requested are different than current active one (requested -> active):
  custom:framework-win-MediaFoundation: 216162199b28c13a410421893ffa2e32 -> 
  custom:video-decoder-ogg-theora: a1e56fd34408186e4bbccfd4996cb3dc -> 
  custom:container-muxer-webm: aa71ff27fc2769a1b78a27578f13a17b -> 
  custom:container-demuxer-webm: 4f35f7cbe854078d1ac9338744f61a02 -> 
  custom:container-demuxer-ogg: 62fdf1f143b41e24485cea50d1cbac27 -> 
  custom:video-encoder-webm-vp8: eb34c28f22e8b96e1ab97ce403110664 -> 
  custom:video-decoder-webm-vp8: 9c59270c3fd7afecdb556c50c9e8de78 -> 
  custom:audio-decoder-ogg-vorbis: bf7c407c2cedff20999df2af8eb42d56 -> 
  custom:audio-encoder-webm-vorbis: bf7c407c2cedff20999df2af8eb42d56 -> 
========================================================================
Received Import Request.
  path: Assets/Begin.cs
  artifactKey: Guid(d1194bed269703444aa92072ff220b9d) Importer(815301076,1909f56bfc062723c751e8b465ee728b)
Start importing Assets/Begin.cs using Guid(d1194bed269703444aa92072ff220b9d) Importer(815301076,1909f56bfc062723c751e8b465ee728b)  -> (artifact id: '8d728ae6cceb3c3f15e4e2baa9ef33b9') in 0.254422 seconds 
  Import took 0.283132 seconds .

========================================================================
Received Import Request.
  Time since last request: 2635.339205 seconds.
  path: Assets/blck.cs
  artifactKey: Guid(e60fd6104598acb46b8a67e5f96ddd4c) Importer(815301076,1909f56bfc062723c751e8b465ee728b)
Start importing Assets/blck.cs using Guid(e60fd6104598acb46b8a67e5f96ddd4c) Importer(815301076,1909f56bfc062723c751e8b465ee728b)  -> (artifact id: '4a860c4742b3c8b191f34c3390bd8840') in 10.083769 seconds 
  Import took 36.825615 seconds .

========================================================================
Received Import Request.
  Time since last request: 4.751486 seconds.
  path: Assets/WormDataBase.cs
  artifactKey: Guid(7f242ead64dad0444bbacc761940bdd9) Importer(815301076,1909f56bfc062723c751e8b465ee728b)
Start importing Assets/WormDataBase.cs using Guid(7f242ead64dad0444bbacc761940bdd9) Importer(815301076,1909f56bfc062723c751e8b465ee728b)  -> (artifact id: 'faf185971e7b4a0e8368a3e06c392ee9') in 0.053408 seconds 
  Import took 0.064821 seconds .

========================================================================
Received Prepare
Registering precompiled user dll's ...
Registered in 0.081106 seconds.
Begin MonoManager ReloadAssembly
Native extension for WindowsStandalone target not found
Refreshing native plugins compatible for Editor in 32.54 ms, found 4 plugins.
Preloading 0 native plugins for Editor in 0.00 ms.
[Steamworks.NET] Could not copy steam_api.dll into the project root. steam_api.dll could not be found in 'C:\Users\1\Desktop\Snakes_1millicircle\Assets/Plugins/Steamworks.NET/redist'. Place steam_api.dll from the Steamworks SDK in the project root manually.
UnityEngine.StackTraceUtility:ExtractStackTrace ()
UnityEngine.DebugLogHandler:LogFormat (UnityEngine.LogType,UnityEngine.Object,string,object[])
UnityEngine.Logger:Log (UnityEngine.LogType,object)
UnityEngine.Debug:LogWarning (object)
RedistInstall:CopyFile (string,bool) (at Assets/Editor/Steamworks.NET/RedistInstall.cs:23)
RedistInstall:.cctor () (at Assets/Editor/Steamworks.NET/RedistInstall.cs:13)
System.Runtime.CompilerServices.RuntimeHelpers:RunClassConstructor (System.RuntimeTypeHandle)
UnityEditor.EditorAssemblies:ProcessInitializeOnLoadAttributes (System.Type[])

(Filename: Assets/Editor/Steamworks.NET/RedistInstall.cs Line: 23)

Mono: successfully reloaded assembly
- Completed reload, in 17.436 seconds
Platform modules already initialized, skipping
Refreshing native plugins compatible for Editor in 7.14 ms, found 4 plugins.
Preloading 0 native plugins for Editor in 0.00 ms.
Unloading 1704 Unused Serialized files (Serialized files now loaded: 0)
System memory in use before: 76.2 MB.
System memory in use after: 76.3 MB.

Unloading 59 unused Assets to reduce memory usage. Loaded Objects now: 2130.
Total: 1440.778300 ms (FindLiveObjects: 160.850300 ms CreateObjectMapping: 14.445100 ms MarkObjects: 1218.657600 ms  DeleteObjects: 46.800300 ms)

AssetImportParameters requested are different than current active one (requested -> active):
  custom:framework-win-MediaFoundation: 216162199b28c13a410421893ffa2e32 -> 
  custom:video-decoder-ogg-theora: a1e56fd34408186e4bbccfd4996cb3dc -> 
  custom:container-muxer-webm: aa71ff27fc2769a1b78a27578f13a17b -> 
  custom:container-demuxer-webm: 4f35f7cbe854078d1ac9338744f61a02 -> 
  custom:container-demuxer-ogg: 62fdf1f143b41e24485cea50d1cbac27 -> 
  custom:video-encoder-webm-vp8: eb34c28f22e8b96e1ab97ce403110664 -> 
  custom:video-decoder-webm-vp8: 9c59270c3fd7afecdb556c50c9e8de78 -> 
  custom:audio-decoder-ogg-vorbis: bf7c407c2cedff20999df2af8eb42d56 -> 
  custom:audio-encoder-webm-vorbis: bf7c407c2cedff20999df2af8eb42d56 -> 
========================================================================
Received Prepare
Registering precompiled user dll's ...
Registered in 0.156348 seconds.
Begin MonoManager ReloadAssembly
Native extension for WindowsStandalone target not found
Refreshing native plugins compatible for Editor in 24.26 ms, found 4 plugins.
Preloading 0 native plugins for Editor in 0.00 ms.
[Steamworks.NET] Could not copy steam_api.dll into the project root. steam_api.dll could not be found in 'C:\Users\1\Desktop\Snakes_1millicircle\Assets/Plugins/Steamworks.NET/redist'. Place steam_api.dll from the Steamworks SDK in the project root manually.
UnityEngine.StackTraceUtility:ExtractStackTrace ()
UnityEngine.DebugLogHandler:LogFormat (UnityEngine.LogType,UnityEngine.Object,string,object[])
UnityEngine.Logger:Log (UnityEngine.LogType,object)
UnityEngine.Debug:LogWarning (object)
RedistInstall:CopyFile (string,bool) (at Assets/Editor/Steamworks.NET/RedistInstall.cs:23)
RedistInstall:.cctor () (at Assets/Editor/Steamworks.NET/RedistInstall.cs:13)
System.Runtime.CompilerServices.RuntimeHelpers:RunClassConstructor (System.RuntimeTypeHandle)
UnityEditor.EditorAssemblies:ProcessInitializeOnLoadAttributes (System.Type[])

(Filename: Assets/Editor/Steamworks.NET/RedistInstall.cs Line: 23)

Mono: successfully reloaded assembly
- Completed reload, in 17.680 seconds
Platform modules already initialized, skipping
Refreshing native plugins compatible for Editor in 4.64 ms, found 4 plugins.
Preloading 0 native plugins for Editor in 0.00 ms.
Unloading 1704 Unused Serialized files (Serialized files now loaded: 0)
System memory in use before: 76.2 MB.
System memory in use after: 76.3 MB.

Unloading 59 unused Assets to reduce memory usage. Loaded Objects now: 2133.
Total: 83.267700 ms (FindLiveObjects: 9.154900 ms CreateObjectMapping: 1.886600 ms MarkObjects: 42.903400 ms  DeleteObjects: 29.313000 ms)

AssetImportParameters requested are different than current active one (requested -> active):
  custom:framework-win-MediaFoundation: 216162199b28c13a410421893ffa2e32 -> 
  custom:video-decoder-ogg-theora: a1e56fd34408186e4bbccfd4996cb3dc -> 
  custom:container-muxer-webm: aa71ff27fc2769a1b78a27578f13a17b -> 
  custom:container-demuxer-webm: 4f35f7cbe854078d1ac9338744f61a02 -> 
  custom:container-demuxer-ogg: 62fdf1f143b41e24485cea50d1cbac27 -> 
  custom:video-encoder-webm-vp8: eb34c28f22e8b96e1ab97ce403110664 -> 
  custom:video-decoder-webm-vp8: 9c59270c3fd7afecdb556c50c9e8de78 -> 
  custom:audio-decoder-ogg-vorbis: bf7c407c2cedff20999df2af8eb42d56 -> 
  custom:audio-encoder-webm-vorbis: bf7c407c2cedff20999df2af8eb42d56 -> 
========================================================================
Received Import Request.
  Time since last request: 2363.707646 seconds.
  path: Assets/WormDataBase.cs
  artifactKey: Guid(7f242ead64dad0444bbacc761940bdd9) Importer(815301076,1909f56bfc062723c751e8b465ee728b)
Start importing Assets/WormDataBase.cs using Guid(7f242ead64dad0444bbacc761940bdd9) Importer(815301076,1909f56bfc062723c751e8b465ee728b)  -> (artifact id: '0107ad4e1d9ddf5af26839f316178a3d') in 0.414814 seconds 
  Import took 0.452008 seconds .

========================================================================
Received Import Request.
  Time since last request: 192.909937 seconds.
  path: Assets/Prefabs
  artifactKey: Guid(6870b4617b7e5d54f8d8af4657ca30d9) Importer(815301076,1909f56bfc062723c751e8b465ee728b)
Start importing Assets/Prefabs using Guid(6870b4617b7e5d54f8d8af4657ca30d9) Importer(815301076,1909f56bfc062723c751e8b465ee728b)  -> (artifact id: '44ded1451b83b02087dcdb3af9c3f30b') in 0.578093 seconds 
  Import took 2.772165 seconds .

========================================================================
Received Import Request.
  Time since last request: 38.321123 seconds.
  path: Assets/Resources/worm2 Variant.prefab
  artifactKey: Guid(0c97228ee7dad4d40bb058952d9bac41) Importer(815301076,1909f56bfc062723c751e8b465ee728b)
Start importing Assets/Resources/worm2 Variant.prefab using Guid(0c97228ee7dad4d40bb058952d9bac41) Importer(815301076,1909f56bfc062723c751e8b465ee728b)  -> (artifact id: '84403dc87490c933a6de288a0029c739') in 28.602370 seconds 
  Import took 46.814912 seconds .

========================================================================
Received Import Request.
  Time since last request: 2.142155 seconds.
  path: Assets/Resources/worm2 Variant.prefab
  artifactKey: Guid(0c97228ee7dad4d40bb058952d9bac41) Importer(815301076,1909f56bfc062723c751e8b465ee728b)
Start importing Assets/Resources/worm2 Variant.prefab using Guid(0c97228ee7dad4d40bb058952d9bac41) Importer(815301076,1909f56bfc062723c751e8b465ee728b)  -> (artifact id: '4e4c247467f65afe20efac5a5d05b817') in 35.563984 seconds 
  Import took 39.712554 seconds .

========================================================================
Received Import Request.
  Time since last request: 0.039468 seconds.
  path: Assets/offlinescene1 1.unity
  artifactKey: Guid(d69b50dae9f188e46b045b7bbc614e59) Importer(815301076,1909f56bfc062723c751e8b465ee728b)
Start importing Assets/offlinescene1 1.unity using Guid(d69b50dae9f188e46b045b7bbc614e59) Importer(815301076,1909f56bfc062723c751e8b465ee728b)  -> (artifact id: 'eaaf80d84b661ad90761de9afddb9aca') in 0.328652 seconds 
  Import took 0.530918 seconds .

========================================================================
Received Import Request.
  Time since last request: 0.001682 seconds.
  path: Assets/Resources/SpawnManager.prefab
  artifactKey: Guid(6252a36c4bc14cf4f89c4f6d20c3195d) Importer(815301076,1909f56bfc062723c751e8b465ee728b)
Start importing Assets/Resources/SpawnManager.prefab using Guid(6252a36c4bc14cf4f89c4f6d20c3195d) Importer(815301076,1909f56bfc062723c751e8b465ee728b)  -> (artifact id: 'd04f8a93bb096616b5544c08d7350411') in 3.900356 seconds 
  Import took 4.032271 seconds .

========================================================================
Received Import Request.
  Time since last request: 87.066577 seconds.
  path: Assets/offlinescene1.unity
  artifactKey: Guid(341aacd58144e90409856ebb4d45a8ec) Importer(815301076,1909f56bfc062723c751e8b465ee728b)
Start importing Assets/offlinescene1.unity using Guid(341aacd58144e90409856ebb4d45a8ec) Importer(815301076,1909f56bfc062723c751e8b465ee728b)  -> (artifact id: '388f40bac970795b79622df860f92757') in 0.518598 seconds 
  Import took 26.145159 seconds .

========================================================================
Received Prepare
Registering precompiled user dll's ...
Registered in 9.367790 seconds.
Begin MonoManager ReloadAssembly
Native extension for WindowsStandalone target not found
Refreshing native plugins compatible for Editor in 29.59 ms, found 4 plugins.
Preloading 0 native plugins for Editor in 0.00 ms.
[Steamworks.NET] Could not copy steam_api.dll into the project root. steam_api.dll could not be found in 'C:\Users\1\Desktop\Snakes_1millicircle\Assets/Plugins/Steamworks.NET/redist'. Place steam_api.dll from the Steamworks SDK in the project root manually.
UnityEngine.StackTraceUtility:ExtractStackTrace ()
UnityEngine.DebugLogHandler:LogFormat (UnityEngine.LogType,UnityEngine.Object,string,object[])
UnityEngine.Logger:Log (UnityEngine.LogType,object)
UnityEngine.Debug:LogWarning (object)
RedistInstall:CopyFile (string,bool) (at Assets/Editor/Steamworks.NET/RedistInstall.cs:23)
RedistInstall:.cctor () (at Assets/Editor/Steamworks.NET/RedistInstall.cs:13)
System.Runtime.CompilerServices.RuntimeHelpers:RunClassConstructor (System.RuntimeTypeHandle)
UnityEditor.EditorAssemblies:ProcessInitializeOnLoadAttributes (System.Type[])

(Filename: Assets/Editor/Steamworks.NET/RedistInstall.cs Line: 23)

Mono: successfully reloaded assembly
- Completed reload, in 17.639 seconds
Platform modules already initialized, skipping
Refreshing native plugins compatible for Editor in 16.49 ms, found 4 plugins.
Preloading 0 native plugins for Editor in 0.00 ms.
Unloading 1704 Unused Serialized files (Serialized files now loaded: 0)
System memory in use before: 79.4 MB.
System memory in use after: 79.5 MB.

Unloading 60 unused Assets to reduce memory usage. Loaded Objects now: 2143.
Total: 17129.798000 ms (FindLiveObjects: 1938.936800 ms CreateObjectMapping: 8.335900 ms MarkObjects: 15118.638000 ms  DeleteObjects: 62.821700 ms)

AssetImportParameters requested are different than current active one (requested -> active):
  custom:framework-win-MediaFoundation: 216162199b28c13a410421893ffa2e32 -> 
  custom:video-decoder-ogg-theora: a1e56fd34408186e4bbccfd4996cb3dc -> 
  custom:container-muxer-webm: aa71ff27fc2769a1b78a27578f13a17b -> 
  custom:container-demuxer-webm: 4f35f7cbe854078d1ac9338744f61a02 -> 
  custom:container-demuxer-ogg: 62fdf1f143b41e24485cea50d1cbac27 -> 
  custom:video-encoder-webm-vp8: eb34c28f22e8b96e1ab97ce403110664 -> 
  custom:video-decoder-webm-vp8: 9c59270c3fd7afecdb556c50c9e8de78 -> 
  custom:audio-decoder-ogg-vorbis: bf7c407c2cedff20999df2af8eb42d56 -> 
  custom:audio-encoder-webm-vorbis: bf7c407c2cedff20999df2af8eb42d56 -> 
========================================================================
Received Prepare
Registering precompiled user dll's ...
Registered in 0.061905 seconds.
Begin MonoManager ReloadAssembly
Native extension for WindowsStandalone target not found
Refreshing native plugins compatible for Editor in 466.88 ms, found 4 plugins.
Preloading 0 native plugins for Editor in 0.00 ms.
[Steamworks.NET] Could not copy steam_api.dll into the project root. steam_api.dll could not be found in 'C:\Users\1\Desktop\Snakes_1millicircle\Assets/Plugins/Steamworks.NET/redist'. Place steam_api.dll from the Steamworks SDK in the project root manually.
UnityEngine.StackTraceUtility:ExtractStackTrace ()
UnityEngine.DebugLogHandler:LogFormat (UnityEngine.LogType,UnityEngine.Object,string,object[])
UnityEngine.Logger:Log (UnityEngine.LogType,object)
UnityEngine.Debug:LogWarning (object)
RedistInstall:CopyFile (string,bool) (at Assets/Editor/Steamworks.NET/RedistInstall.cs:23)
RedistInstall:.cctor () (at Assets/Editor/Steamworks.NET/RedistInstall.cs:13)
System.Runtime.CompilerServices.RuntimeHelpers:RunClassConstructor (System.RuntimeTypeHandle)
UnityEditor.EditorAssemblies:ProcessInitializeOnLoadAttributes (System.Type[])

(Filename: Assets/Editor/Steamworks.NET/RedistInstall.cs Line: 23)

Mono: successfully reloaded assembly
- Completed reload, in 448.415 seconds
Platform modules already initialized, skipping
Refreshing native plugins compatible for Editor in 9.44 ms, found 4 plugins.
Preloading 0 native plugins for Editor in 0.00 ms.
Unloading 1704 Unused Serialized files (Serialized files now loaded: 0)
System memory in use before: 79.4 MB.
System memory in use after: 79.5 MB.

Unloading 59 unused Assets to reduce memory usage. Loaded Objects now: 2146.
Total: 77.710400 ms (FindLiveObjects: 8.544900 ms CreateObjectMapping: 1.599400 ms MarkObjects: 62.631600 ms  DeleteObjects: 4.925100 ms)

AssetImportParameters requested are different than current active one (requested -> active):
  custom:framework-win-MediaFoundation: 216162199b28c13a410421893ffa2e32 -> 
  custom:video-decoder-ogg-theora: a1e56fd34408186e4bbccfd4996cb3dc -> 
  custom:container-muxer-webm: aa71ff27fc2769a1b78a27578f13a17b -> 
  custom:container-demuxer-webm: 4f35f7cbe854078d1ac9338744f61a02 -> 
  custom:container-demuxer-ogg: 62fdf1f143b41e24485cea50d1cbac27 -> 
  custom:video-encoder-webm-vp8: eb34c28f22e8b96e1ab97ce403110664 -> 
  custom:video-decoder-webm-vp8: 9c59270c3fd7afecdb556c50c9e8de78 -> 
  custom:audio-decoder-ogg-vorbis: bf7c407c2cedff20999df2af8eb42d56 -> 
  custom:audio-encoder-webm-vorbis: bf7c407c2cedff20999df2af8eb42d56 -> 
========================================================================
Received Prepare
Registering precompiled user dll's ...
Registered in 0.081545 seconds.
Begin MonoManager ReloadAssembly
Native extension for WindowsStandalone target not found
Refreshing native plugins compatible for Editor in 65.03 ms, found 4 plugins.
Preloading 0 native plugins for Editor in 0.00 ms.
[Steamworks.NET] Could not copy steam_api.dll into the project root. steam_api.dll could not be found in 'C:\Users\1\Desktop\Snakes_1millicircle\Assets/Plugins/Steamworks.NET/redist'. Place steam_api.dll from the Steamworks SDK in the project root manually.
UnityEngine.StackTraceUtility:ExtractStackTrace ()
UnityEngine.DebugLogHandler:LogFormat (UnityEngine.LogType,UnityEngine.Object,string,object[])
UnityEngine.Logger:Log (UnityEngine.LogType,object)
UnityEngine.Debug:LogWarning (object)
RedistInstall:CopyFile (string,bool) (at Assets/Editor/Steamworks.NET/RedistInstall.cs:23)
RedistInstall:.cctor () (at Assets/Editor/Steamworks.NET/RedistInstall.cs:13)
System.Runtime.CompilerServices.RuntimeHelpers:RunClassConstructor (System.RuntimeTypeHandle)
UnityEditor.EditorAssemblies:ProcessInitializeOnLoadAttributes (System.Type[])

(Filename: Assets/Editor/Steamworks.NET/RedistInstall.cs Line: 23)

Mono: successfully reloaded assembly
- Completed reload, in 32.488 seconds
Platform modules already initialized, skipping
Refreshing native plugins compatible for Editor in 454.08 ms, found 4 plugins.
Preloading 0 native plugins for Editor in 0.00 ms.
Unloading 1704 Unused Serialized files (Serialized files now loaded: 0)
System memory in use before: 79.4 MB.
System memory in use after: 79.5 MB.

Unloading 59 unused Assets to reduce memory usage. Loaded Objects now: 2149.
Total: 2399.829500 ms (FindLiveObjects: 209.519800 ms CreateObjectMapping: 26.370200 ms MarkObjects: 1958.848100 ms  DeleteObjects: 205.033000 ms)

AssetImportParameters requested are different than current active one (requested -> active):
  custom:framework-win-MediaFoundation: 216162199b28c13a410421893ffa2e32 -> 
  custom:video-decoder-ogg-theora: a1e56fd34408186e4bbccfd4996cb3dc -> 
  custom:container-muxer-webm: aa71ff27fc2769a1b78a27578f13a17b -> 
  custom:container-demuxer-webm: 4f35f7cbe854078d1ac9338744f61a02 -> 
  custom:container-demuxer-ogg: 62fdf1f143b41e24485cea50d1cbac27 -> 
  custom:video-encoder-webm-vp8: eb34c28f22e8b96e1ab97ce403110664 -> 
  custom:video-decoder-webm-vp8: 9c59270c3fd7afecdb556c50c9e8de78 -> 
  custom:audio-decoder-ogg-vorbis: bf7c407c2cedff20999df2af8eb42d56 -> 
  custom:audio-encoder-webm-vorbis: bf7c407c2cedff20999df2af8eb42d56 -> 
========================================================================
Received Prepare
Registering precompiled user dll's ...
Registered in 9.497710 seconds.
Begin MonoManager ReloadAssembly
Native extension for WindowsStandalone target not found
Refreshing native plugins compatible for Editor in 45.08 ms, found 4 plugins.
Preloading 0 native plugins for Editor in 0.00 ms.
[Steamworks.NET] Could not copy steam_api.dll into the project root. steam_api.dll could not be found in 'C:\Users\1\Desktop\Snakes_1millicircle\Assets/Plugins/Steamworks.NET/redist'. Place steam_api.dll from the Steamworks SDK in the project root manually.
UnityEngine.StackTraceUtility:ExtractStackTrace ()
UnityEngine.DebugLogHandler:LogFormat (UnityEngine.LogType,UnityEngine.Object,string,object[])
UnityEngine.Logger:Log (UnityEngine.LogType,object)
UnityEngine.Debug:LogWarning (object)
RedistInstall:CopyFile (string,bool) (at Assets/Editor/Steamworks.NET/RedistInstall.cs:23)
RedistInstall:.cctor () (at Assets/Editor/Steamworks.NET/RedistInstall.cs:13)
System.Runtime.CompilerServices.RuntimeHelpers:RunClassConstructor (System.RuntimeTypeHandle)
UnityEditor.EditorAssemblies:ProcessInitializeOnLoadAttributes (System.Type[])

(Filename: Assets/Editor/Steamworks.NET/RedistInstall.cs Line: 23)

Mono: successfully reloaded assembly
- Completed reload, in 18.309 seconds
Platform modules already initialized, skipping
Refreshing native plugins compatible for Editor in 30.39 ms, found 4 plugins.
Preloading 0 native plugins for Editor in 0.00 ms.
Unloading 1704 Unused Serialized files (Serialized files now loaded: 0)
System memory in use before: 79.4 MB.
System memory in use after: 79.5 MB.

Unloading 59 unused Assets to reduce memory usage. Loaded Objects now: 2152.
Total: 44.706700 ms (FindLiveObjects: 11.734100 ms CreateObjectMapping: 1.925300 ms MarkObjects: 29.478700 ms  DeleteObjects: 1.553400 ms)

AssetImportParameters requested are different than current active one (requested -> active):
  custom:framework-win-MediaFoundation: 216162199b28c13a410421893ffa2e32 -> 
  custom:video-decoder-ogg-theora: a1e56fd34408186e4bbccfd4996cb3dc -> 
  custom:container-muxer-webm: aa71ff27fc2769a1b78a27578f13a17b -> 
  custom:container-demuxer-webm: 4f35f7cbe854078d1ac9338744f61a02 -> 
  custom:container-demuxer-ogg: 62fdf1f143b41e24485cea50d1cbac27 -> 
  custom:video-encoder-webm-vp8: eb34c28f22e8b96e1ab97ce403110664 -> 
  custom:video-decoder-webm-vp8: 9c59270c3fd7afecdb556c50c9e8de78 -> 
  custom:audio-decoder-ogg-vorbis: bf7c407c2cedff20999df2af8eb42d56 -> 
  custom:audio-encoder-webm-vorbis: bf7c407c2cedff20999df2af8eb42d56 -> 
========================================================================
Received Prepare
Registering precompiled user dll's ...
Registered in 1.557775 seconds.
Begin MonoManager ReloadAssembly
Native extension for WindowsStandalone target not found
Refreshing native plugins compatible for Editor in 103.75 ms, found 4 plugins.
Preloading 0 native plugins for Editor in 0.00 ms.
[Steamworks.NET] Could not copy steam_api.dll into the project root. steam_api.dll could not be found in 'C:\Users\1\Desktop\Snakes_1millicircle\Assets/Plugins/Steamworks.NET/redist'. Place steam_api.dll from the Steamworks SDK in the project root manually.
UnityEngine.StackTraceUtility:ExtractStackTrace ()
UnityEngine.DebugLogHandler:LogFormat (UnityEngine.LogType,UnityEngine.Object,string,object[])
UnityEngine.Logger:Log (UnityEngine.LogType,object)
UnityEngine.Debug:LogWarning (object)
RedistInstall:CopyFile (string,bool) (at Assets/Editor/Steamworks.NET/RedistInstall.cs:23)
RedistInstall:.cctor () (at Assets/Editor/Steamworks.NET/RedistInstall.cs:13)
System.Runtime.CompilerServices.RuntimeHelpers:RunClassConstructor (System.RuntimeTypeHandle)
UnityEditor.EditorAssemblies:ProcessInitializeOnLoadAttributes (System.Type[])

(Filename: Assets/Editor/Steamworks.NET/RedistInstall.cs Line: 23)

Mono: successfully reloaded assembly
- Completed reload, in 23.650 seconds
Platform modules already initialized, skipping
Refreshing native plugins compatible for Editor in 11.34 ms, found 4 plugins.
Preloading 0 native plugins for Editor in 0.00 ms.
Unloading 1704 Unused Serialized files (Serialized files now loaded: 0)
System memory in use before: 79.4 MB.
System memory in use after: 79.5 MB.

Unloading 59 unused Assets to reduce memory usage. Loaded Objects now: 2155.
Total: 281.796200 ms (FindLiveObjects: 36.071300 ms CreateObjectMapping: 1.864300 ms MarkObjects: 116.743400 ms  DeleteObjects: 127.096100 ms)

AssetImportParameters requested are different than current active one (requested -> active):
  custom:framework-win-MediaFoundation: 216162199b28c13a410421893ffa2e32 -> 
  custom:video-decoder-ogg-theora: a1e56fd34408186e4bbccfd4996cb3dc -> 
  custom:container-muxer-webm: aa71ff27fc2769a1b78a27578f13a17b -> 
  custom:container-demuxer-webm: 4f35f7cbe854078d1ac9338744f61a02 -> 
  custom:container-demuxer-ogg: 62fdf1f143b41e24485cea50d1cbac27 -> 
  custom:video-encoder-webm-vp8: eb34c28f22e8b96e1ab97ce403110664 -> 
  custom:video-decoder-webm-vp8: 9c59270c3fd7afecdb556c50c9e8de78 -> 
  custom:audio-decoder-ogg-vorbis: bf7c407c2cedff20999df2af8eb42d56 -> 
  custom:audio-encoder-webm-vorbis: bf7c407c2cedff20999df2af8eb42d56 -> 
========================================================================
Received Prepare
Registering precompiled user dll's ...
Registered in 0.063528 seconds.
Begin MonoManager ReloadAssembly
Native extension for WindowsStandalone target not found
Refreshing native plugins compatible for Editor in 37.30 ms, found 4 plugins.
Preloading 0 native plugins for Editor in 0.00 ms.
[Steamworks.NET] Could not copy steam_api.dll into the project root. steam_api.dll could not be found in 'C:\Users\1\Desktop\Snakes_1millicircle\Assets/Plugins/Steamworks.NET/redist'. Place steam_api.dll from the Steamworks SDK in the project root manually.
UnityEngine.StackTraceUtility:ExtractStackTrace ()
UnityEngine.DebugLogHandler:LogFormat (UnityEngine.LogType,UnityEngine.Object,string,object[])
UnityEngine.Logger:Log (UnityEngine.LogType,object)
UnityEngine.Debug:LogWarning (object)
RedistInstall:CopyFile (string,bool) (at Assets/Editor/Steamworks.NET/RedistInstall.cs:23)
RedistInstall:.cctor () (at Assets/Editor/Steamworks.NET/RedistInstall.cs:13)
System.Runtime.CompilerServices.RuntimeHelpers:RunClassConstructor (System.RuntimeTypeHandle)
UnityEditor.EditorAssemblies:ProcessInitializeOnLoadAttributes (System.Type[])

(Filename: Assets/Editor/Steamworks.NET/RedistInstall.cs Line: 23)

Mono: successfully reloaded assembly
- Completed reload, in 14.512 seconds
Platform modules already initialized, skipping
Refreshing native plugins compatible for Editor in 6.38 ms, found 4 plugins.
Preloading 0 native plugins for Editor in 0.00 ms.
Unloading 1704 Unused Serialized files (Serialized files now loaded: 0)
System memory in use before: 79.4 MB.
System memory in use after: 79.5 MB.

Unloading 59 unused Assets to reduce memory usage. Loaded Objects now: 2158.
Total: 78.401300 ms (FindLiveObjects: 14.551500 ms CreateObjectMapping: 1.460400 ms MarkObjects: 43.975800 ms  DeleteObjects: 18.404200 ms)

AssetImportParameters requested are different than current active one (requested -> active):
  custom:framework-win-MediaFoundation: 216162199b28c13a410421893ffa2e32 -> 
  custom:video-decoder-ogg-theora: a1e56fd34408186e4bbccfd4996cb3dc -> 
  custom:container-muxer-webm: aa71ff27fc2769a1b78a27578f13a17b -> 
  custom:container-demuxer-webm: 4f35f7cbe854078d1ac9338744f61a02 -> 
  custom:container-demuxer-ogg: 62fdf1f143b41e24485cea50d1cbac27 -> 
  custom:video-encoder-webm-vp8: eb34c28f22e8b96e1ab97ce403110664 -> 
  custom:video-decoder-webm-vp8: 9c59270c3fd7afecdb556c50c9e8de78 -> 
  custom:audio-decoder-ogg-vorbis: bf7c407c2cedff20999df2af8eb42d56 -> 
  custom:audio-encoder-webm-vorbis: bf7c407c2cedff20999df2af8eb42d56 -> 
========================================================================
Received Prepare
Registering precompiled user dll's ...
Registered in 0.100407 seconds.
Begin MonoManager ReloadAssembly
Native extension for WindowsStandalone target not found
Refreshing native plugins compatible for Editor in 36.51 ms, found 4 plugins.
Preloading 0 native plugins for Editor in 0.00 ms.
[Steamworks.NET] Could not copy steam_api.dll into the project root. steam_api.dll could not be found in 'C:\Users\1\Desktop\Snakes_1millicircle\Assets/Plugins/Steamworks.NET/redist'. Place steam_api.dll from the Steamworks SDK in the project root manually.
UnityEngine.StackTraceUtility:ExtractStackTrace ()
UnityEngine.DebugLogHandler:LogFormat (UnityEngine.LogType,UnityEngine.Object,string,object[])
UnityEngine.Logger:Log (UnityEngine.LogType,object)
UnityEngine.Debug:LogWarning (object)
RedistInstall:CopyFile (string,bool) (at Assets/Editor/Steamworks.NET/RedistInstall.cs:23)
RedistInstall:.cctor () (at Assets/Editor/Steamworks.NET/RedistInstall.cs:13)
System.Runtime.CompilerServices.RuntimeHelpers:RunClassConstructor (System.RuntimeTypeHandle)
UnityEditor.EditorAssemblies:ProcessInitializeOnLoadAttributes (System.Type[])

(Filename: Assets/Editor/Steamworks.NET/RedistInstall.cs Line: 23)

Mono: successfully reloaded assembly
- Completed reload, in 11.926 seconds
Platform modules already initialized, skipping
Refreshing native plugins compatible for Editor in 2.23 ms, found 4 plugins.
Preloading 0 native plugins for Editor in 0.00 ms.
Unloading 1704 Unused Serialized files (Serialized files now loaded: 0)
System memory in use before: 79.4 MB.
System memory in use after: 79.5 MB.

Unloading 59 unused Assets to reduce memory usage. Loaded Objects now: 2161.
Total: 42.204200 ms (FindLiveObjects: 7.803400 ms CreateObjectMapping: 0.591200 ms MarkObjects: 30.925500 ms  DeleteObjects: 2.874400 ms)

AssetImportParameters requested are different than current active one (requested -> active):
  custom:framework-win-MediaFoundation: 216162199b28c13a410421893ffa2e32 -> 
  custom:video-decoder-ogg-theora: a1e56fd34408186e4bbccfd4996cb3dc -> 
  custom:container-muxer-webm: aa71ff27fc2769a1b78a27578f13a17b -> 
  custom:container-demuxer-webm: 4f35f7cbe854078d1ac9338744f61a02 -> 
  custom:container-demuxer-ogg: 62fdf1f143b41e24485cea50d1cbac27 -> 
  custom:video-encoder-webm-vp8: eb34c28f22e8b96e1ab97ce403110664 -> 
  custom:video-decoder-webm-vp8: 9c59270c3fd7afecdb556c50c9e8de78 -> 
  custom:audio-decoder-ogg-vorbis: bf7c407c2cedff20999df2af8eb42d56 -> 
  custom:audio-encoder-webm-vorbis: bf7c407c2cedff20999df2af8eb42d56 -> 
AssetImportWorkerClient::OnTransportError - code=2 error=End of file
